INFO 2025-12-07 13:42:34,787 autoreload 80938 140396865425664 Watching for file changes with StatReloader
INFO 2025-12-07 13:42:36,559 basehttp 80938 140396804081344 "GET / HTTP/1.1" 301 0
INFO 2025-12-07 13:42:36,575 basehttp 80938 140396804081344 code 400, message Bad request version ('\x00\x12\x00\x10\x04\x03\x08\x04\x04\x01\x05\x03\x08\x05\x05\x01\x08\x06\x06\x01\x00\x17\x00\x00Гҝ\x01\x00\x01\x00\x00-\x00\x02\x01\x01\x00#\x00\x00\x00')
ERROR 2025-12-07 13:42:36,575 basehttp 80938 140396804081344 You're accessing the development server over HTTPS, but it only supports HTTP.
INFO 2025-12-07 13:42:36,577 basehttp 80938 140396787295936 code 400, message Bad request version ('jj\x13\x01\x13\x02\x13\x03ГҖ+ГҖ/ГҖ,ГҖ0ГҢВ©ГҢВЁГҖ\x13ГҖ\x14\x00\x9c\x00\x9d\x00/\x005\x01\x00\x06s')
ERROR 2025-12-07 13:42:36,578 basehttp 80938 140396787295936 You're accessing the development server over HTTPS, but it only supports HTTP.
INFO 2025-12-07 13:42:38,531 basehttp 80938 140396787295936 code 400, message Bad request version ('6\x18ВҰ7\'L"\x00')
ERROR 2025-12-07 13:42:38,531 basehttp 80938 140396787295936 You're accessing the development server over HTTPS, but it only supports HTTP.
INFO 2025-12-07 13:42:38,532 basehttp 80938 140396575323840 code 400, message Bad request version ('::\x13\x01\x13\x02\x13\x03ГҖ+ГҖ/ГҖ,ГҖ0ГҢВ©ГҢВЁГҖ\x13ГҖ\x14\x00\x9c\x00\x9d\x00/\x005\x01\x00\x063\x9a\x9a\x00\x00\x00+\x00\x07\x06zz\x03\x04\x03\x03\x00-\x00\x02\x01\x01\x00')
INFO 2025-12-07 13:42:38,532 basehttp 80938 140396787295936 code 400, message Bad request version ('В«ВҙВ©')
ERROR 2025-12-07 13:42:38,532 basehttp 80938 140396575323840 You're accessing the development server over HTTPS, but it only supports HTTP.
ERROR 2025-12-07 13:42:38,533 basehttp 80938 140396787295936 You're accessing the development server over HTTPS, but it only supports HTTP.
INFO 2025-12-07 13:42:38,535 basehttp 80938 140396787295936 code 400, message Bad request version ('\x8a\x8a\x13\x01\x13\x02\x13\x03ГҖ+ГҖ/ГҖ,ГҖ0ГҢВ©ГҢВЁГҖ\x13ГҖ\x14\x00\x9c\x00\x9d\x00/\x005\x01\x00\x06SJJ\x00\x00\x003\x04ГҜ\x04Гӯ')
ERROR 2025-12-07 13:42:38,535 basehttp 80938 140396787295936 You're accessing the development server over HTTPS, but it only supports HTTP.
INFO 2025-12-07 14:11:12,652 autoreload 94868 140509187092736 Watching for file changes with StatReloader
INFO 2025-12-07 14:11:14,318 basehttp 94868 140509125445312 code 400, message Bad request version ('ВәГң')
ERROR 2025-12-07 14:11:14,318 basehttp 94868 140509125445312 You're accessing the development server over HTTPS, but it only supports HTTP.
INFO 2025-12-07 14:11:14,330 basehttp 94868 140509032994496 code 400, message Bad request version ('В·\x02ГіВІ\x00')
ERROR 2025-12-07 14:11:14,330 basehttp 94868 140509032994496 You're accessing the development server over HTTPS, but it only supports HTTP.
INFO 2025-12-07 14:11:19,042 basehttp 94868 140509032994496 code 400, message Bad request version ('\x00\x12\x00\x10\x04\x03\x08\x04\x04\x01\x05\x03\x08\x05\x05\x01\x08\x06\x06\x01\x00')
ERROR 2025-12-07 14:11:19,042 basehttp 94868 140509032994496 You're accessing the development server over HTTPS, but it only supports HTTP.
INFO 2025-12-07 14:11:19,043 basehttp 94868 140509032994496 code 400, message Bad request version ('JJ\x13\x01\x13\x02\x13\x03ГҖ+ГҖ/ГҖ,ГҖ0ГҢВ©ГҢВЁГҖ\x13ГҖ\x14\x00\x9c\x00\x9d\x00/\x005\x01\x00\x06s**\x00\x00\x00\x05\x00\x05\x01\x00\x00\x00\x00\x00-\x00\x02\x01\x01\x00\x12\x00\x00\x00#\x00\x00\x00\x17\x00\x00DГҚ\x00\x05\x00\x03\x02h2Гҝ\x01\x00\x01\x00\x00')
ERROR 2025-12-07 14:11:19,044 basehttp 94868 140509032994496 You're accessing the development server over HTTPS, but it only supports HTTP.
INFO 2025-12-07 14:11:19,044 basehttp 94868 140509125445312 code 400, message Bad request version ('\x05Г«:Г®Гҡ\x82x\x00')
ERROR 2025-12-07 14:11:19,044 basehttp 94868 140509125445312 You're accessing the development server over HTTPS, but it only supports HTTP.
INFO 2025-12-07 14:11:19,045 basehttp 94868 140509125445312 code 400, message Bad request version ('\x00\x12\x00\x10\x04\x03\x08\x04\x04\x01\x05\x03\x08\x05\x05\x01\x08\x06\x06\x01\x00')
ERROR 2025-12-07 14:11:19,045 basehttp 94868 140509125445312 You're accessing the development server over HTTPS, but it only supports HTTP.
INFO 2025-12-07 14:11:20,278 basehttp 94868 140509125445312 code 400, message Bad HTTP/0.9 request type ('\x16\x03\x01\x07\x00\x01\x00\x06Гј\x03\x03')
ERROR 2025-12-07 14:11:20,278 basehttp 94868 140509125445312 You're accessing the development server over HTTPS, but it only supports HTTP.
INFO 2025-12-07 14:11:20,279 basehttp 94868 140509125445312 code 400, message Bad request version ('JJ\x13\x01\x13\x02\x13\x03ГҖ+ГҖ/ГҖ,ГҖ0ГҢВ©ГҢВЁГҖ\x13ГҖ\x14\x00\x9c\x00\x9d\x00/\x005\x01\x00\x06S')
ERROR 2025-12-07 14:11:20,279 basehttp 94868 140509125445312 You're accessing the development server over HTTPS, but it only supports HTTP.
INFO 2025-12-07 14:11:20,279 basehttp 94868 140509032994496 code 400, message Bad request version ('\x02h2\x08http/1.1\x00\x12\x00\x00\x00')
ERROR 2025-12-07 14:11:20,279 basehttp 94868 140509032994496 You're accessing the development server over HTTPS, but it only supports HTTP.
INFO 2025-12-07 14:11:20,280 basehttp 94868 140509032994496 code 400, message Bad request version ('Sy\x1a\x87$Z\x9eВ§')
ERROR 2025-12-07 14:11:20,280 basehttp 94868 140509032994496 You're accessing the development server over HTTPS, but it only supports HTTP.
INFO 2025-12-07 14:11:26,530 basehttp 94868 140509032994496 code 400, message Bad request version ('\x02h2\x08http/1.1\x00')
ERROR 2025-12-07 14:11:26,532 basehttp 94868 140509032994496 You're accessing the development server over HTTPS, but it only supports HTTP.
INFO 2025-12-07 14:11:26,537 basehttp 94868 140509032994496 code 400, message Bad request version ('\x00\x12\x00\x10\x04\x03\x08\x04\x04\x01\x05\x03\x08\x05\x05\x01\x08\x06\x06\x01Гҝ\x01\x00\x01\x00\x00\x05\x00\x05\x01\x00\x00\x00\x00\x00\x17\x00\x00DГҚ\x00\x05\x00\x03\x02h2\x00#\x00\x00\x00\x12\x00\x00\x00+\x00\x07\x06')
ERROR 2025-12-07 14:11:26,539 basehttp 94868 140509032994496 You're accessing the development server over HTTPS, but it only supports HTTP.
INFO 2025-12-07 14:11:26,544 basehttp 94868 140509125445312 code 400, message Bad request syntax ('\x16\x03\x01\x06Г \x01\x00\x06Гң\x03\x03&ВҪВІ\x1b\x91В°ГІГЁГЁk\x9c6')
ERROR 2025-12-07 14:11:26,546 basehttp 94868 140509125445312 You're accessing the development server over HTTPS, but it only supports HTTP.
INFO 2025-12-07 14:11:26,548 basehttp 94868 140509125445312 code 400, message Bad request version ('\x9a\x9a\x13\x01\x13\x02\x13\x03ГҖ+ГҖ/ГҖ,ГҖ0ГҢВ©ГҢВЁГҖ\x13ГҖ\x14\x00\x9c\x00\x9d\x00/\x005\x01\x00\x06S')
ERROR 2025-12-07 14:11:26,548 basehttp 94868 140509125445312 You're accessing the development server over HTTPS, but it only supports HTTP.
INFO 2025-12-07 14:11:28,034 basehttp 94868 140509125445312 code 400, message Bad request version ('\x8d\x13F6)c=В·\x05JГ¶ВІГІ\x1b\xadRГҸ')
ERROR 2025-12-07 14:11:28,036 basehttp 94868 140509125445312 You're accessing the development server over HTTPS, but it only supports HTTP.
INFO 2025-12-07 14:11:28,047 basehttp 94868 140509125445312 code 400, message Bad request version ('jj\x13\x01\x13\x02\x13\x03ГҖ+ГҖ/ГҖ,ГҖ0ГҢВ©ГҢВЁГҖ\x13ГҖ\x14\x00\x9c\x00\x9d\x00/\x005\x01\x00\x063\x9a\x9a\x00\x00\x00')
INFO 2025-12-07 14:11:28,047 basehttp 94868 140509032994496 code 400, message Bad request version ('}6&lW\x03\x91Г”\x96Гҗ$В¶a\x94H\x89Гә\x19`ВІpl#\x97Г§\x1a$Г°\\')
ERROR 2025-12-07 14:11:28,047 basehttp 94868 140509125445312 You're accessing the development server over HTTPS, but it only supports HTTP.
ERROR 2025-12-07 14:11:28,047 basehttp 94868 140509032994496 You're accessing the development server over HTTPS, but it only supports HTTP.
INFO 2025-12-07 14:11:28,049 basehttp 94868 140509032994496 code 400, message Bad request version ('ВҪ\x8eГӢ\x9exГіВӘdГҡ@V+tВәГ—XГҹx\x9a\x00')
ERROR 2025-12-07 14:11:28,049 basehttp 94868 140509032994496 You're accessing the development server over HTTPS, but it only supports HTTP.
INFO 2025-12-07 14:11:28,538 basehttp 94868 140509032994496 code 400, message Bad request version ("=ГҙГҚВӘ\x88IoEВіd\x9c\x04\x10\x94\x00-0sГҸ#'Г¶BВ«ГҙВ·gГ•В¬\x00")
ERROR 2025-12-07 14:11:28,540 basehttp 94868 140509032994496 You're accessing the development server over HTTPS, but it only supports HTTP.
INFO 2025-12-07 14:11:28,549 basehttp 94868 140509125445312 code 400, message Bad request version ('nВЎwГ„\x80В®В¶Г®\x00Г¶qГ•~dГЎГ№t')
ERROR 2025-12-07 14:11:28,550 basehttp 94868 140509125445312 You're accessing the development server over HTTPS, but it only supports HTTP.
INFO 2025-12-07 14:11:28,552 basehttp 94868 140509125445312 code 400, message Bad request version ('ГғВЈГҢl\x00\x07\x03ВӨ9Gj*ВЁ\x9cГ®Вұ\x93\x9fГ„ВҫВ°Гә\x97\x99\x966\x9f(\x93Г§<\x107,')
INFO 2025-12-07 14:11:28,552 basehttp 94868 140509032994496 code 400, message Bad request version ('Г–ГІ')
ERROR 2025-12-07 14:11:28,552 basehttp 94868 140509125445312 You're accessing the development server over HTTPS, but it only supports HTTP.
ERROR 2025-12-07 14:11:28,553 basehttp 94868 140509032994496 You're accessing the development server over HTTPS, but it only supports HTTP.
INFO 2025-12-07 14:11:28,553 basehttp 94868 140509032994496 code 400, message Bad request version ('ZZ\x13\x01\x13\x02\x13\x03ГҖ+ГҖ/ГҖ,ГҖ0ГҢВ©ГҢВЁГҖ\x13ГҖ\x14\x00\x9c\x00\x9d\x00/\x005\x01\x00\x06\x93\x1a\x1a\x00\x00\x00')
ERROR 2025-12-07 14:11:28,553 basehttp 94868 140509032994496 You're accessing the development server over HTTPS, but it only supports HTTP.
INFO 2025-12-07 14:11:28,554 basehttp 94868 140509125445312 code 400, message Bad request version ('\x02h2\x08http/1.1Гҝ\x01\x00\x01\x00\x00#\x00\x00\x00\x1b\x00\x03\x02\x00\x02\x00\x17\x00\x00\x00')
ERROR 2025-12-07 14:11:28,555 basehttp 94868 140509125445312 You're accessing the development server over HTTPS, but it only supports HTTP.
INFO 2025-12-07 14:11:28,716 basehttp 94868 140509125445312 code 400, message Bad request version ('lA5hГёВ®\x00Г¶FГЎГҗВЁГҡnEВёГ©\x16y\x98\x13WГ®LГҲGГ“_O\x9aГҡВЎ\x00')
ERROR 2025-12-07 14:11:28,716 basehttp 94868 140509125445312 You're accessing the development server over HTTPS, but it only supports HTTP.
INFO 2025-12-07 14:11:28,717 basehttp 94868 140509125445312 code 400, message Bad request version (',ГҲA\x81\x13Г·\x16ГЈho\x953В¬\x9cpq\x08r\x81\x9aВјe\x96ГҗcГ \x02\x00fВІ!Г„\x93В¬Г»fxВј\x04Вҝ\x89k$kpВҙГі\\\x04o\x05ВІg')
ERROR 2025-12-07 14:11:28,717 basehttp 94868 140509125445312 You're accessing the development server over HTTPS, but it only supports HTTP.
INFO 2025-12-07 14:11:28,717 basehttp 94868 140509032994496 code 400, message Bad request version ('ZZ\x13\x01\x13\x02\x13\x03ГҖ+ГҖ/ГҖ,ГҖ0ГҢВ©ГҢВЁГҖ\x13ГҖ\x14\x00\x9c\x00\x9d\x00/\x005\x01\x00\x06\x93JJ\x00\x00\x00\x05\x00\x05\x01\x00\x00\x00\x00\x00')
ERROR 2025-12-07 14:11:28,717 basehttp 94868 140509032994496 You're accessing the development server over HTTPS, but it only supports HTTP.
INFO 2025-12-07 14:11:28,724 basehttp 94868 140509032994496 code 400, message Bad request version ('ГҶГҚ+\x87\x13В¬\x02oВҝ\x0eГ•;ВІ?d\x96')
ERROR 2025-12-07 14:11:28,725 basehttp 94868 140509032994496 You're accessing the development server over HTTPS, but it only supports HTTP.
INFO 2025-12-07 14:11:37,373 basehttp 94868 140509032994496 code 400, message Bad request version ('%\x83l8ВҝГ—[Гҫ:Гјso\x02\x04ВІ\x8e\x00')
ERROR 2025-12-07 14:11:37,373 basehttp 94868 140509032994496 You're accessing the development server over HTTPS, but it only supports HTTP.
INFO 2025-12-07 14:11:37,380 basehttp 94868 140509125445312 code 400, message Bad request version ('LГ”U\x0eВҪ0Г»Г»\x8bВ·')
ERROR 2025-12-07 14:11:37,381 basehttp 94868 140509125445312 You're accessing the development server over HTTPS, but it only supports HTTP.
INFO 2025-12-07 14:11:37,386 basehttp 94868 140509024601792 code 400, message Bad request version ('O2ГғГ·!q\x00')
ERROR 2025-12-07 14:11:37,387 basehttp 94868 140509024601792 You're accessing the development server over HTTPS, but it only supports HTTP.
INFO 2025-12-07 14:11:37,387 basehttp 94868 140509024601792 code 400, message Bad request version ('ZZ\x13\x01\x13\x02\x13\x03ГҖ+ГҖ/ГҖ,ГҖ0ГҢВ©ГҢВЁГҖ\x13ГҖ\x14\x00\x9c\x00\x9d\x00/\x005\x01\x00\x063')
ERROR 2025-12-07 14:11:37,387 basehttp 94868 140509024601792 You're accessing the development server over HTTPS, but it only supports HTTP.
INFO 2025-12-07 14:11:58,836 basehttp 94868 140509024601792 code 400, message Bad request version ('Q\x96*\x99Q\x99QВ©\x9eГҗ$\x8cLГҸВұГЈ:t')
ERROR 2025-12-07 14:11:58,837 basehttp 94868 140509024601792 You're accessing the development server over HTTPS, but it only supports HTTP.
INFO 2025-12-07 14:11:58,840 basehttp 94868 140509024601792 code 400, message Bad request version ('ГӯГ¶Гө\x07gГ”Гҹ"\x88')
ERROR 2025-12-07 14:11:58,841 basehttp 94868 140509024601792 You're accessing the development server over HTTPS, but it only supports HTTP.
INFO 2025-12-07 14:12:02,162 basehttp 94868 140509024601792 code 400, message Bad request version ('ВҜВҝ')
ERROR 2025-12-07 14:12:02,164 basehttp 94868 140509024601792 You're accessing the development server over HTTPS, but it only supports HTTP.
INFO 2025-12-07 14:12:02,173 basehttp 94868 140509024601792 code 400, message Bad request version ('Гұ;ГҺ[')
ERROR 2025-12-07 14:12:02,174 basehttp 94868 140509024601792 You're accessing the development server over HTTPS, but it only supports HTTP.
INFO 2025-12-07 14:12:02,176 basehttp 94868 140509125445312 code 400, message Bad request version ('\x14Гӣ\x01\x8bR\\ГҺVKq\x1b$XГңГү\x82Гі\x03Гҫ(tB(MГҝ!\x08ГҖ4Вөx\x12\x03zJkГ®\x00ГҒГҒ\x96,Гҹ\x86(В©В¬2\x1a')
ERROR 2025-12-07 14:12:02,177 basehttp 94868 140509125445312 You're accessing the development server over HTTPS, but it only supports HTTP.
INFO 2025-12-07 14:12:02,185 basehttp 94868 140509125445312 code 400, message Bad request version ('\x00\x12\x00\x10\x04\x03\x08\x04\x04\x01\x05\x03\x08\x05\x05\x01\x08\x06\x06\x01\x00\x12\x00\x00\x00')
ERROR 2025-12-07 14:12:02,187 basehttp 94868 140509125445312 You're accessing the development server over HTTPS, but it only supports HTTP.
INFO 2025-12-07 14:12:07,223 basehttp 94868 140509125445312 code 400, message Bad request version ('\x96\x11ВҜg\x8cГ’Г¬\x11\x94!\x87DВ»Вҝ\x157Вҫ\x16\\VГјГңВҪГү(~jГҒГ„\x18\x08ВҰГҫHВЈ5ВўВ®ГҢ')
ERROR 2025-12-07 14:12:07,224 basehttp 94868 140509125445312 You're accessing the development server over HTTPS, but it only supports HTTP.
INFO 2025-12-07 14:12:07,243 basehttp 94868 140509125445312 code 400, message Bad request version ('#Г“\\+ВІ\x83ВӘ$ВўГӨDГғ')
ERROR 2025-12-07 14:12:07,244 basehttp 94868 140509125445312 You're accessing the development server over HTTPS, but it only supports HTTP.
INFO 2026-03-04 09:41:25,859 autoreload 31906 140708044939776 Watching for file changes with StatReloader
INFO 2026-03-04 09:41:28,857 basehttp 31906 140707973031616 code 400, message Bad request version ('ГқВӨ\x00\x05\x00\x05\x01\x00\x00\x00\x00Гҝ\x01\x00\x01\x00DГҚ\x00\x05\x00\x03\x02h2\x00')
ERROR 2026-03-04 09:41:28,857 basehttp 31906 140707973031616 You're accessing the development server over HTTPS, but it only supports HTTP.
INFO 2026-03-04 09:41:28,867 basehttp 31906 140707973031616 code 400, message Bad request version ('ГӘГӘ\x13\x01\x13\x02\x13\x03ГҖ+ГҖ/ГҖ,ГҖ0ГҢВ©ГҢВЁГҖ\x13ГҖ\x14\x00\x9c\x00\x9d\x00/\x005\x01\x00\x06SJJ\x00\x00DГҚ\x00\x05\x00\x03\x02h2Гҝ\x01\x00\x01\x00\x00\x1b\x00\x03\x02\x00\x02\x00')
ERROR 2026-03-04 09:41:28,867 basehttp 31906 140707973031616 You're accessing the development server over HTTPS, but it only supports HTTP.
INFO 2026-03-04 09:42:14,324 basehttp 31906 140707973031616 code 400, message Bad request syntax ('\x16\x03\x01\x07\x00\x01\x00\x06Гј\x03\x03`D\x02')
ERROR 2026-03-04 09:42:14,324 basehttp 31906 140707973031616 You're accessing the development server over HTTPS, but it only supports HTTP.
INFO 2026-03-04 09:42:14,324 basehttp 31906 140707973031616 code 400, message Bad request version ('\x00\x02\x01\x00\x00')
ERROR 2026-03-04 09:42:14,324 basehttp 31906 140707973031616 You're accessing the development server over HTTPS, but it only supports HTTP.
INFO 2026-03-04 09:42:14,327 basehttp 31906 140707973031616 code 400, message Bad request version ('ГөГӢ\x19Вҙ')
ERROR 2026-03-04 09:42:14,327 basehttp 31906 140707973031616 You're accessing the development server over HTTPS, but it only supports HTTP.
INFO 2026-03-04 09:42:14,328 basehttp 31906 140707973031616 code 400, message Bad request version ('В¬/\x9aВў\x988\x07В«ГҡS\x836Г¬Г°')
ERROR 2026-03-04 09:42:14,328 basehttp 31906 140707973031616 You're accessing the development server over HTTPS, but it only supports HTTP.
INFO 2026-03-04 09:42:14,328 basehttp 31906 140707876558528 code 400, message Bad request version ('ГҡГҡ\x13\x01\x13\x02\x13\x03ГҖ+ГҖ/ГҖ,ГҖ0ГҢВ©ГҢВЁГҖ\x13ГҖ\x14\x00\x9c\x00\x9d\x00/\x005\x01\x00\x06sГҠГҠ\x00\x00\x00')
ERROR 2026-03-04 09:42:14,328 basehttp 31906 140707876558528 You're accessing the development server over HTTPS, but it only supports HTTP.
INFO 2026-03-04 09:42:14,329 basehttp 31906 140707876558528 code 400, message Bad request version ('ВҜГ…ВӘ>Гһ')
ERROR 2026-03-04 09:42:14,329 basehttp 31906 140707876558528 You're accessing the development server over HTTPS, but it only supports HTTP.
INFO 2026-03-04 09:42:15,204 basehttp 31906 140707876558528 code 400, message Bad request version ('{Вҫ\x11\x9dГі\x9fГқWL\x89\x141fВёВҝ5Г—\x9f8!xВҪГҷ4\x19')
ERROR 2026-03-04 09:42:15,204 basehttp 31906 140707876558528 You're accessing the development server over HTTPS, but it only supports HTTP.
INFO 2026-03-04 09:42:15,204 basehttp 31906 140707876558528 code 400, message Bad request version ('\x8a\x8a\x13\x01\x13\x02\x13\x03ГҖ+ГҖ/ГҖ,ГҖ0ГҢВ©ГҢВЁГҖ\x13ГҖ\x14\x00\x9c\x00\x9d\x00/\x005\x01\x00\x06sГҠГҠ\x00\x00\x00+\x00\x07\x06\x9a\x9a\x03\x04\x03\x03\x00')
ERROR 2026-03-04 09:42:15,205 basehttp 31906 140707876558528 You're accessing the development server over HTTPS, but it only supports HTTP.
INFO 2026-03-04 09:42:15,207 basehttp 31906 140707876558528 code 400, message Bad request version ('\x1a\x1a\x13\x01\x13\x02\x13\x03ГҖ+ГҖ/ГҖ,ГҖ0ГҢВ©ГҢВЁГҖ\x13ГҖ\x14\x00\x9c\x00\x9d\x00/\x005\x01\x00\x063ГәГә\x00\x00DГҚ\x00\x05\x00\x03\x02h2\x00')
ERROR 2026-03-04 09:42:15,207 basehttp 31906 140707876558528 You're accessing the development server over HTTPS, but it only supports HTTP.
INFO 2026-03-04 09:42:15,208 basehttp 31906 140707973031616 code 400, message Bad request version ('\x02h2\x08http/1.1\x00')
ERROR 2026-03-04 09:42:15,208 basehttp 31906 140707973031616 You're accessing the development server over HTTPS, but it only supports HTTP.
INFO 2026-03-04 09:42:15,208 basehttp 31906 140707973031616 code 400, message Bad request version ('\x88ГҡГ„В¶C')
ERROR 2026-03-04 09:42:15,208 basehttp 31906 140707973031616 You're accessing the development server over HTTPS, but it only supports HTTP.
INFO 2026-03-04 09:42:15,208 basehttp 31906 140707876558528 code 400, message Bad request version ('g58\x98!\x19qh}&#,Yz\x08ГӘГғ(')
ERROR 2026-03-04 09:42:15,208 basehttp 31906 140707876558528 You're accessing the development server over HTTPS, but it only supports HTTP.
INFO 2026-03-04 09:42:15,583 basehttp 31906 140707876558528 code 400, message Bad request version ('ВӘВӘ\x13\x01\x13\x02\x13\x03ГҖ+ГҖ/ГҖ,ГҖ0ГҢВ©ГҢВЁГҖ\x13ГҖ\x14\x00\x9c\x00\x9d\x00/\x005\x01\x00\x06sГәГә\x00\x00\x003\x04ГҜ\x04ГӯВәВә\x00\x01\x00\x11Г¬\x04ГҖ\x0fГ©\x9bqГ©\x84\x13Г·(YfГҲВ»@ГҶГұГӮВў=:u\x97Г–[')
ERROR 2026-03-04 09:42:15,583 basehttp 31906 140707876558528 You're accessing the development server over HTTPS, but it only supports HTTP.
INFO 2026-03-04 09:42:15,584 basehttp 31906 140707876558528 code 400, message Bad request version ('ГЁku-|M')
ERROR 2026-03-04 09:42:15,584 basehttp 31906 140707876558528 You're accessing the development server over HTTPS, but it only supports HTTP.
INFO 2026-03-04 09:42:15,584 basehttp 31906 140707973031616 code 400, message Bad request version ('ВәВә\x13\x01\x13\x02\x13\x03ГҖ+ГҖ/ГҖ,ГҖ0ГҢВ©ГҢВЁГҖ\x13ГҖ\x14\x00\x9c\x00\x9d\x00/\x005\x01\x00\x06sJJ\x00\x00\x00')
ERROR 2026-03-04 09:42:15,584 basehttp 31906 140707973031616 You're accessing the development server over HTTPS, but it only supports HTTP.
INFO 2026-03-04 09:42:15,585 basehttp 31906 140707973031616 code 400, message Bad request version ('\x9eQВ®ZВ§\x834В¶/ГҹВ°ГҖ4:6Г·Гё\x7f\x0fГјВ®\x93ВӨ\x9aВЈ\x08dYВ»ВӨ\x82e\x8cГҮГ…Ві(Г«В§\x10\x12ВЈ,\x86#Г“\x98ГӢ\x9fГЎ\x1aГҲВ»b\x05ВЎ')
ERROR 2026-03-04 09:42:15,585 basehttp 31906 140707973031616 You're accessing the development server over HTTPS, but it only supports HTTP.
INFO 2026-03-04 09:42:15,963 basehttp 31906 140707973031616 code 400, message Bad request version ('В§T_\x14\\\x814]ГҶ(Г®Вҝ{_\x83E\x8b\x17Г—\x9cВә\x10')
ERROR 2026-03-04 09:42:15,963 basehttp 31906 140707973031616 You're accessing the development server over HTTPS, but it only supports HTTP.
INFO 2026-03-04 09:42:15,964 basehttp 31906 140707973031616 code 400, message Bad HTTP/0.9 request type ('\x16\x03\x01\x06ГҖ\x01\x00\x06Вј\x03\x03Гә\x04ГҫГЁГіВ«sВІ\x92ГһГқГҸ\x15Гһ#\x17\x99Г•')
ERROR 2026-03-04 09:42:15,964 basehttp 31906 140707973031616 You're accessing the development server over HTTPS, but it only supports HTTP.
INFO 2026-03-04 09:42:15,967 basehttp 31906 140707973031616 code 400, message Bad request version ('(ГҺUВҜ\x83Г¬$\x01rqГҪ7\x00')
INFO 2026-03-04 09:42:15,967 basehttp 31906 140707876558528 code 400, message Bad HTTP/0.9 request type ('\x16\x03\x01\x07\x00\x01\x00\x06Гј\x03\x03j')
ERROR 2026-03-04 09:42:15,967 basehttp 31906 140707973031616 You're accessing the development server over HTTPS, but it only supports HTTP.
ERROR 2026-03-04 09:42:15,967 basehttp 31906 140707876558528 You're accessing the development server over HTTPS, but it only supports HTTP.
INFO 2026-03-04 09:42:15,968 basehttp 31906 140707973031616 code 400, message Bad request version ('\x87Г„JSВІВІГӢГёГ„eГӢГӢ0Вё\x926)В©\x80y\x93GВӨvВ№ГҢВҙВ·`TLВЈВ©')
ERROR 2026-03-04 09:42:15,968 basehttp 31906 140707973031616 You're accessing the development server over HTTPS, but it only supports HTTP.
INFO 2026-03-04 09:42:15,968 basehttp 31906 140707876558528 code 400, message Bad request version ('\x14Г—Г•hJ\x05\x95')
ERROR 2026-03-04 09:42:15,968 basehttp 31906 140707876558528 You're accessing the development server over HTTPS, but it only supports HTTP.
INFO 2026-03-04 09:42:16,908 basehttp 31906 140707876558528 code 400, message Bad request version ("]\x11F-Гұ'IГһ\x8e\x1bP")
ERROR 2026-03-04 09:42:16,908 basehttp 31906 140707876558528 You're accessing the development server over HTTPS, but it only supports HTTP.
INFO 2026-03-04 09:42:16,909 basehttp 31906 140707876558528 code 400, message Bad request version ('\x02h2\x08http/1.1\x00\x17\x00\x00\x00\x05\x00\x05\x01\x00\x00\x00\x00\x00\x12\x00\x00\x00+\x00\x07\x06ГәГә\x03\x04\x03\x03\x00')
INFO 2026-03-04 09:42:16,909 basehttp 31906 140707973031616 code 400, message Bad request version ('\x9a\x9a\x13\x01\x13\x02\x13\x03ГҖ+ГҖ/ГҖ,ГҖ0ГҢВ©ГҢВЁГҖ\x13ГҖ\x14\x00\x9c\x00\x9d\x00/\x005\x01\x00\x06sГӘГӘ\x00\x00Гҝ\x01\x00\x01\x00\x00\x17\x00\x00\x00+\x00\x07\x06')
ERROR 2026-03-04 09:42:16,909 basehttp 31906 140707876558528 You're accessing the development server over HTTPS, but it only supports HTTP.
ERROR 2026-03-04 09:42:16,909 basehttp 31906 140707973031616 You're accessing the development server over HTTPS, but it only supports HTTP.
INFO 2026-03-04 09:42:16,910 basehttp 31906 140707876558528 code 400, message Bad request version ('\x805X\x86\x92ВіВ¬\x88n')
ERROR 2026-03-04 09:42:16,910 basehttp 31906 140707876558528 You're accessing the development server over HTTPS, but it only supports HTTP.
INFO 2026-03-04 09:42:17,273 basehttp 31906 140707876558528 code 400, message Bad request version ('ВәВә\x13\x01\x13\x02\x13\x03ГҖ+ГҖ/ГҖ,ГҖ0ГҢВ©ГҢВЁГҖ\x13ГҖ\x14\x00\x9c\x00\x9d\x00/\x005\x01\x00\x06SZZ\x00\x00\x00\x1b\x00\x03\x02\x00\x02\x00')
ERROR 2026-03-04 09:42:17,274 basehttp 31906 140707876558528 You're accessing the development server over HTTPS, but it only supports HTTP.
INFO 2026-03-04 09:42:17,274 basehttp 31906 140707876558528 code 400, message Bad request version ('&"ГҪ\x96ВіWГ¬\x14wГүIp)YГҰaOВұ\x11-Гұ\x89ГҠ')
ERROR 2026-03-04 09:42:17,274 basehttp 31906 140707876558528 You're accessing the development server over HTTPS, but it only supports HTTP.
INFO 2026-03-04 09:42:17,275 basehttp 31906 140707876558528 code 400, message Bad request version ('ГӘГӘ\x13\x01\x13\x02\x13\x03ГҖ+ГҖ/ГҖ,ГҖ0ГҢВ©ГҢВЁГҖ\x13ГҖ\x14\x00\x9c\x00\x9d\x00/\x005\x01\x00\x063jj\x00\x00\x00#\x00\x00\x00')
ERROR 2026-03-04 09:42:17,275 basehttp 31906 140707876558528 You're accessing the development server over HTTPS, but it only supports HTTP.
INFO 2026-03-04 09:42:17,276 basehttp 31906 140707876558528 code 400, message Bad request version ('Г·В№Гё')
ERROR 2026-03-04 09:42:17,276 basehttp 31906 140707876558528 You're accessing the development server over HTTPS, but it only supports HTTP.
INFO 2026-03-04 09:42:17,647 basehttp 31906 140707876558528 code 400, message Bad request version ('Г….\x8dbZ0x\x9f')
ERROR 2026-03-04 09:42:17,647 basehttp 31906 140707876558528 You're accessing the development server over HTTPS, but it only supports HTTP.
INFO 2026-03-04 09:42:17,647 basehttp 31906 140707876558528 code 400, message Bad request version ('ГӘГӘ\x13\x01\x13\x02\x13\x03ГҖ+ГҖ/ГҖ,ГҖ0ГҢВ©ГҢВЁГҖ\x13ГҖ\x14\x00\x9c\x00\x9d\x00/\x005\x01\x00\x06s::\x00\x00\x00')
ERROR 2026-03-04 09:42:17,648 basehttp 31906 140707876558528 You're accessing the development server over HTTPS, but it only supports HTTP.
INFO 2026-03-04 09:42:17,650 basehttp 31906 140707876558528 code 400, message Bad request version ('\x00\x02\x01\x00\x00\x12\x00\x00\x00\x1b\x00\x03\x02\x00\x02\x00\x05\x00\x05\x01\x00\x00\x00\x00Гҝ\x01\x00\x01\x00\x00#\x00\x00\x00')
ERROR 2026-03-04 09:42:17,650 basehttp 31906 140707876558528 You're accessing the development server over HTTPS, but it only supports HTTP.
INFO 2026-03-04 09:42:17,650 basehttp 31906 140707973031616 code 400, message Bad request version ('\x02h2\x08http/1.1\x00')
ERROR 2026-03-04 09:42:17,650 basehttp 31906 140707973031616 You're accessing the development server over HTTPS, but it only supports HTTP.
INFO 2026-03-04 09:42:17,650 basehttp 31906 140707973031616 code 400, message Bad request version ('PvPQ5\x15ГәAV8ГҮГҰГ—\x94+xВөM\x04>\x86ygГҪrВҝ')
ERROR 2026-03-04 09:42:17,650 basehttp 31906 140707973031616 You're accessing the development server over HTTPS, but it only supports HTTP.
INFO 2026-03-04 09:42:17,650 basehttp 31906 140707876558528 code 400, message Bad request version ('RI\x16ВөГё|')
ERROR 2026-03-04 09:42:17,650 basehttp 31906 140707876558528 You're accessing the development server over HTTPS, but it only supports HTTP.
INFO 2026-03-04 09:42:48,926 basehttp 31906 140707893343936 code 400, message Bad request version ('\x9a\x9a\x13\x01\x13\x02\x13\x03ГҖ+ГҖ/ГҖ,ГҖ0ГҢВ©ГҢВЁГҖ\x13ГҖ\x14\x00\x9c\x00\x9d\x00/\x005\x01\x00\x06\x93\x8a\x8a\x00\x00\x00')
ERROR 2026-03-04 09:42:48,926 basehttp 31906 140707893343936 You're accessing the development server over HTTPS, but it only supports HTTP.
INFO 2026-03-04 09:42:48,927 basehttp 31906 140707893343936 code 400, message Bad request version ("ГғВ©Г‘В¬В«ВіM\x8f'ВҙtГҢ`\x13Гү-В®nГ¬uВў\\ГҲDГҙВ§ZВ«uГ«37")
ERROR 2026-03-04 09:42:48,927 basehttp 31906 140707893343936 You're accessing the development server over HTTPS, but it only supports HTTP.
INFO 2026-03-04 09:45:45,217 basehttp 31906 140707884951232 "GET / HTTP/1.1" 301 0
INFO 2026-03-04 09:45:45,219 basehttp 31906 140707893343936 code 400, message Bad request version ('|\x8b8ГҶГ…ГҷГҚ?ВЁw\x910:\x94ГәR\x13+\x19\x15ГҡN]ГёgГ·F,{ГЎG0SbxFC\x9cГңKE+^Гҗ2E\x98Г•$9lВў\x83r|Г•Гё\x930s\x07kВіMH\x08\x1b')
ERROR 2026-03-04 09:45:45,219 basehttp 31906 140707893343936 You're accessing the development server over HTTPS, but it only supports HTTP.
INFO 2026-03-04 09:45:45,220 basehttp 31906 140707893343936 code 400, message Bad request version ('VГө\x98\x00')
ERROR 2026-03-04 09:45:45,220 basehttp 31906 140707893343936 You're accessing the development server over HTTPS, but it only supports HTTP.
INFO 2026-03-04 09:45:48,071 basehttp 31906 140707893343936 code 400, message Bad request version ('ГӘГӘ\x13\x01\x13\x02\x13\x03ГҖ+ГҖ/ГҖ,ГҖ0ГҢВ©ГҢВЁГҖ\x13ГҖ\x14\x00\x9c\x00\x9d\x00/\x005\x01\x00\x06SВәВә\x00\x00\x00')
ERROR 2026-03-04 09:45:48,071 basehttp 31906 140707893343936 You're accessing the development server over HTTPS, but it only supports HTTP.
INFO 2026-03-04 09:45:48,072 basehttp 31906 140707893343936 code 400, message Bad request version ('*w\x89')
ERROR 2026-03-04 09:45:48,072 basehttp 31906 140707893343936 You're accessing the development server over HTTPS, but it only supports HTTP.
INFO 2026-03-04 09:45:48,072 basehttp 31906 140707973031616 code 400, message Bad request version ('\x01\x1a\x00\x00\x01\x00\x01')
ERROR 2026-03-04 09:45:48,072 basehttp 31906 140707973031616 You're accessing the development server over HTTPS, but it only supports HTTP.
INFO 2026-03-04 09:45:48,073 basehttp 31906 140707973031616 code 400, message Bad request version ('\x14EВ«FГҶГ’xk\x17ГҶ')
ERROR 2026-03-04 09:45:48,073 basehttp 31906 140707973031616 You're accessing the development server over HTTPS, but it only supports HTTP.
INFO 2026-03-04 09:47:23,056 basehttp 31906 140707876558528 code 400, message Bad request version ('\x00\x02\x01\x00\x00')
ERROR 2026-03-04 09:47:23,056 basehttp 31906 140707876558528 You're accessing the development server over HTTPS, but it only supports HTTP.
INFO 2026-03-04 09:47:23,057 basehttp 31906 140707973031616 code 400, message Bad HTTP/0.9 request type ('\x16\x03\x01\x07\x00\x01\x00\x06Гј\x03\x03ГӮГ’ГҪ!L\x81xNГӮГј\\ВЈ\x87UВ»\x8fВ№\x05ВҜvВ¬bNГҳM|\x0fГҫГ¶\x93Гң\x96')
ERROR 2026-03-04 09:47:23,057 basehttp 31906 140707973031616 You're accessing the development server over HTTPS, but it only supports HTTP.
INFO 2026-03-04 09:48:04,991 basehttp 31906 140707884951232 "GET / HTTP/1.1" 301 0
INFO 2026-03-04 09:48:04,993 basehttp 31906 140707884951232 code 400, message Bad request version ('\x00\x12\x00\x10\x04\x03\x08\x04\x04\x01\x05\x03\x08\x05\x05\x01\x08\x06\x06\x01\x00#\x00\x00\x00')
ERROR 2026-03-04 09:48:04,993 basehttp 31906 140707884951232 You're accessing the development server over HTTPS, but it only supports HTTP.
INFO 2026-03-04 09:48:04,994 basehttp 31906 140707884951232 code 400, message Bad request version ('ГәГә\x13\x01\x13\x02\x13\x03ГҖ+ГҖ/ГҖ,ГҖ0ГҢВ©ГҢВЁГҖ\x13ГҖ\x14\x00\x9c\x00\x9d\x00/\x005\x01\x00\x06eГҠГҠ\x00\x00\x00')
ERROR 2026-03-04 09:48:04,994 basehttp 31906 140707884951232 You're accessing the development server over HTTPS, but it only supports HTTP.
INFO 2026-03-04 09:48:37,785 basehttp 31906 140707973031616 "GET / HTTP/1.1" 301 0
INFO 2026-03-04 09:48:37,796 basehttp 31906 140707973031616 code 400, message Bad request version ('ГҒ!aВ®\x9cmSrГҝВ№ВӨ\x88}\x8f\x00"\x13\x01\x13\x03\x13\x02ГҖ+ГҖ/ГҢВ©ГҢВЁГҖ,ГҖ0ГҖ')
ERROR 2026-03-04 09:48:37,796 basehttp 31906 140707973031616 You're accessing the development server over HTTPS, but it only supports HTTP.
INFO 2026-03-04 09:48:37,797 basehttp 31906 140707973031616 code 400, message Bad request version ('\x14ГҖKВәГӨГі\x91nВ®eГӮГңВЈ\x01')
ERROR 2026-03-04 09:48:37,797 basehttp 31906 140707973031616 You're accessing the development server over HTTPS, but it only supports HTTP.
INFO 2026-03-04 09:50:06,450 autoreload 31906 140708044939776 /home/chantel/Documents/Eyedentity/Eyedentity/settings.py changed, reloading.
INFO 2026-03-04 09:50:06,950 autoreload 36283 140064970818048 Watching for file changes with StatReloader
INFO 2026-03-04 09:50:15,694 basehttp 36283 140064868787904 code 400, message Bad request version ('Gb9A\x87\\aВЈВ»hВҘoГә,\x15Гҙ\x07ГҠВі\x90wВҘГӢ\x8bUx;HJГғВҙГҢP\x06\x02ВЁГӨВө)73~=@lГІГғEВ§\x1b\x8fВҰXs\x02\x84\x8aJВҙJnf')
ERROR 2026-03-04 09:50:15,695 basehttp 36283 140064868787904 You're accessing the development server over HTTPS, but it only supports HTTP.
INFO 2026-03-04 09:50:15,696 basehttp 36283 140064789100224 code 400, message Bad request version ('\x9a\x9a\x13\x01\x13\x02\x13\x03ГҖ+ГҖ/ГҖ,ГҖ0ГҢВ©ГҢВЁГҖ\x13ГҖ\x14\x00\x9c\x00\x9d\x00/\x005\x01\x00\x06\x93')
ERROR 2026-03-04 09:50:15,696 basehttp 36283 140064789100224 You're accessing the development server over HTTPS, but it only supports HTTP.
INFO 2026-03-04 09:50:17,808 basehttp 36283 140064780707520 code 400, message Bad request version ('ГҺ\x06В·|;[Г–dГӘ\x99Гӣ"UГё\x07Г“\x8bI\x01ВҜT')
ERROR 2026-03-04 09:50:17,808 basehttp 36283 140064780707520 You're accessing the development server over HTTPS, but it only supports HTTP.
INFO 2026-03-04 09:50:17,809 basehttp 36283 140064780707520 code 400, message Bad request version ('Г‘%ГҪГўL4ГҘВә')
ERROR 2026-03-04 09:50:17,809 basehttp 36283 140064780707520 You're accessing the development server over HTTPS, but it only supports HTTP.
INFO 2026-03-04 09:50:17,813 basehttp 36283 140064780707520 code 400, message Bad request version ('K\x12')
ERROR 2026-03-04 09:50:17,813 basehttp 36283 140064780707520 You're accessing the development server over HTTPS, but it only supports HTTP.
INFO 2026-03-04 09:50:17,813 basehttp 36283 140064772314816 code 400, message Bad request version ("K\x8aГ§pГәГҸ|Г’cR\x88В«''PГҚ:")
ERROR 2026-03-04 09:50:17,813 basehttp 36283 140064772314816 You're accessing the development server over HTTPS, but it only supports HTTP.
INFO 2026-03-04 09:50:17,814 basehttp 36283 140064763922112 code 400, message Bad request version ('\x99\x04Г°BГ¬\x00')
ERROR 2026-03-04 09:50:17,814 basehttp 36283 140064763922112 You're accessing the development server over HTTPS, but it only supports HTTP.
INFO 2026-03-04 09:50:17,814 basehttp 36283 140064755529408 code 400, message Bad request version ('Гұ|\x07\x8aГӨ+WГұ')
ERROR 2026-03-04 09:50:17,814 basehttp 36283 140064755529408 You're accessing the development server over HTTPS, but it only supports HTTP.
INFO 2026-03-04 09:50:59,235 autoreload 36283 140064970818048 /home/chantel/Documents/Eyedentity/Eyedentity/settings.py changed, reloading.
INFO 2026-03-04 09:50:59,473 autoreload 36769 140285024272896 Watching for file changes with StatReloader
INFO 2026-03-04 09:51:00,571 autoreload 36769 140285024272896 /home/chantel/Documents/Eyedentity/Eyedentity/settings.py changed, reloading.
INFO 2026-03-04 09:51:00,841 autoreload 36808 139818607182336 Watching for file changes with StatReloader
INFO 2026-03-04 09:51:03,643 basehttp 36808 139818536265408 code 400, message Bad request version ('\x00\x12\x00\x10\x04\x03\x08\x04\x04\x01\x05\x03\x08\x05\x05\x01\x08\x06\x06\x01\x00')
ERROR 2026-03-04 09:51:03,643 basehttp 36808 139818536265408 You're accessing the development server over HTTPS, but it only supports HTTP.
INFO 2026-03-04 09:51:03,646 basehttp 36808 139818519480000 code 400, message Bad request version ('k')
ERROR 2026-03-04 09:51:03,646 basehttp 36808 139818519480000 You're accessing the development server over HTTPS, but it only supports HTTP.
INFO 2026-03-04 15:54:54,516 autoreload 191724 140633424048640 Watching for file changes with StatReloader
ERROR 2026-03-04 15:55:00,144 exception 191724 140633353217728 Invalid HTTP_HOST header: '0.0.0.0:8102'. You may need to add '0.0.0.0' to ALLOWED_HOSTS.
Traceback (most recent call last):
  File "/home/chantel/Documents/Eyedentity/venv/lib/python3.13/site-packages/django/core/handlers/exception.py", line 55, in inner
    response = get_response(request)
  File "/home/chantel/Documents/Eyedentity/venv/lib/python3.13/site-packages/django/utils/deprecation.py", line 128, in __call__
    response = self.process_request(request)
  File "/home/chantel/Documents/Eyedentity/venv/lib/python3.13/site-packages/django/middleware/security.py", line 28, in process_request
    host = self.redirect_host or request.get_host()
                                 ~~~~~~~~~~~~~~~~^^
  File "/home/chantel/Documents/Eyedentity/venv/lib/python3.13/site-packages/django/http/request.py", line 151, in get_host
    raise DisallowedHost(msg)
django.core.exceptions.DisallowedHost: Invalid HTTP_HOST header: '0.0.0.0:8102'. You may need to add '0.0.0.0' to ALLOWED_HOSTS.
WARNING 2026-03-04 15:55:00,147 log 191724 140633353217728 Bad Request: /
WARNING 2026-03-04 15:55:00,147 basehttp 191724 140633353217728 "GET / HTTP/1.1" 400 143
ERROR 2026-03-04 15:55:00,176 exception 191724 140633344825024 Invalid HTTP_HOST header: '0.0.0.0:8102'. You may need to add '0.0.0.0' to ALLOWED_HOSTS.
Traceback (most recent call last):
  File "/home/chantel/Documents/Eyedentity/venv/lib/python3.13/site-packages/django/core/handlers/exception.py", line 55, in inner
    response = get_response(request)
  File "/home/chantel/Documents/Eyedentity/venv/lib/python3.13/site-packages/django/utils/deprecation.py", line 128, in __call__
    response = self.process_request(request)
  File "/home/chantel/Documents/Eyedentity/venv/lib/python3.13/site-packages/django/middleware/security.py", line 28, in process_request
    host = self.redirect_host or request.get_host()
                                 ~~~~~~~~~~~~~~~~^^
  File "/home/chantel/Documents/Eyedentity/venv/lib/python3.13/site-packages/django/http/request.py", line 151, in get_host
    raise DisallowedHost(msg)
django.core.exceptions.DisallowedHost: Invalid HTTP_HOST header: '0.0.0.0:8102'. You may need to add '0.0.0.0' to ALLOWED_HOSTS.
WARNING 2026-03-04 15:55:00,177 log 191724 140633344825024 Bad Request: /favicon.ico
WARNING 2026-03-04 15:55:00,177 basehttp 191724 140633344825024 "GET /favicon.ico HTTP/1.1" 400 143
INFO 2026-03-07 09:39:30,025 autoreload 282241 139821365449216 Watching for file changes with StatReloader
ERROR 2026-03-07 09:39:33,606 exception 282241 139821295068864 Invalid HTTP_HOST header: '0.0.0.0:8100'. You may need to add '0.0.0.0' to ALLOWED_HOSTS.
Traceback (most recent call last):
  File "/home/chantel/Documents/Eyedentity/venv/lib/python3.13/site-packages/django/core/handlers/exception.py", line 55, in inner
    response = get_response(request)
  File "/home/chantel/Documents/Eyedentity/venv/lib/python3.13/site-packages/django/utils/deprecation.py", line 128, in __call__
    response = self.process_request(request)
  File "/home/chantel/Documents/Eyedentity/venv/lib/python3.13/site-packages/django/middleware/security.py", line 28, in process_request
    host = self.redirect_host or request.get_host()
                                 ~~~~~~~~~~~~~~~~^^
  File "/home/chantel/Documents/Eyedentity/venv/lib/python3.13/site-packages/django/http/request.py", line 151, in get_host
    raise DisallowedHost(msg)
django.core.exceptions.DisallowedHost: Invalid HTTP_HOST header: '0.0.0.0:8100'. You may need to add '0.0.0.0' to ALLOWED_HOSTS.
WARNING 2026-03-07 09:39:33,610 log 282241 139821295068864 Bad Request: /
WARNING 2026-03-07 09:39:33,610 basehttp 282241 139821295068864 "GET / HTTP/1.1" 400 143
ERROR 2026-03-07 09:39:33,686 exception 282241 139821286676160 Invalid HTTP_HOST header: '0.0.0.0:8100'. You may need to add '0.0.0.0' to ALLOWED_HOSTS.
Traceback (most recent call last):
  File "/home/chantel/Documents/Eyedentity/venv/lib/python3.13/site-packages/django/core/handlers/exception.py", line 55, in inner
    response = get_response(request)
  File "/home/chantel/Documents/Eyedentity/venv/lib/python3.13/site-packages/django/utils/deprecation.py", line 128, in __call__
    response = self.process_request(request)
  File "/home/chantel/Documents/Eyedentity/venv/lib/python3.13/site-packages/django/middleware/security.py", line 28, in process_request
    host = self.redirect_host or request.get_host()
                                 ~~~~~~~~~~~~~~~~^^
  File "/home/chantel/Documents/Eyedentity/venv/lib/python3.13/site-packages/django/http/request.py", line 151, in get_host
    raise DisallowedHost(msg)
django.core.exceptions.DisallowedHost: Invalid HTTP_HOST header: '0.0.0.0:8100'. You may need to add '0.0.0.0' to ALLOWED_HOSTS.
WARNING 2026-03-07 09:39:33,687 log 282241 139821286676160 Bad Request: /favicon.ico
WARNING 2026-03-07 09:39:33,688 basehttp 282241 139821286676160 "GET /favicon.ico HTTP/1.1" 400 143
INFO 2026-03-07 09:40:16,257 autoreload 282241 139821365449216 /home/chantel/Documents/Eyedentity/Eyedentity/settings.py changed, reloading.
INFO 2026-03-07 09:40:16,561 autoreload 282677 139910220112384 Watching for file changes with StatReloader
ERROR 2026-03-07 09:40:20,280 exception 282677 139910149301952 Invalid HTTP_HOST header: '0.0.0.0:8100'. You may need to add '0.0.0.0' to ALLOWED_HOSTS.
Traceback (most recent call last):
  File "/home/chantel/Documents/Eyedentity/venv/lib/python3.13/site-packages/django/core/handlers/exception.py", line 55, in inner
    response = get_response(request)
  File "/home/chantel/Documents/Eyedentity/venv/lib/python3.13/site-packages/django/utils/deprecation.py", line 128, in __call__
    response = self.process_request(request)
  File "/home/chantel/Documents/Eyedentity/venv/lib/python3.13/site-packages/django/middleware/common.py", line 48, in process_request
    host = request.get_host()
  File "/home/chantel/Documents/Eyedentity/venv/lib/python3.13/site-packages/django/http/request.py", line 151, in get_host
    raise DisallowedHost(msg)
django.core.exceptions.DisallowedHost: Invalid HTTP_HOST header: '0.0.0.0:8100'. You may need to add '0.0.0.0' to ALLOWED_HOSTS.
WARNING 2026-03-07 09:40:20,281 log 282677 139910149301952 Bad Request: /
WARNING 2026-03-07 09:40:20,282 basehttp 282677 139910149301952 "GET / HTTP/1.1" 400 143
ERROR 2026-03-07 09:40:20,309 exception 282677 139910140909248 Invalid HTTP_HOST header: '0.0.0.0:8100'. You may need to add '0.0.0.0' to ALLOWED_HOSTS.
Traceback (most recent call last):
  File "/home/chantel/Documents/Eyedentity/venv/lib/python3.13/site-packages/django/core/handlers/exception.py", line 55, in inner
    response = get_response(request)
  File "/home/chantel/Documents/Eyedentity/venv/lib/python3.13/site-packages/django/utils/deprecation.py", line 128, in __call__
    response = self.process_request(request)
  File "/home/chantel/Documents/Eyedentity/venv/lib/python3.13/site-packages/django/middleware/common.py", line 48, in process_request
    host = request.get_host()
  File "/home/chantel/Documents/Eyedentity/venv/lib/python3.13/site-packages/django/http/request.py", line 151, in get_host
    raise DisallowedHost(msg)
django.core.exceptions.DisallowedHost: Invalid HTTP_HOST header: '0.0.0.0:8100'. You may need to add '0.0.0.0' to ALLOWED_HOSTS.
WARNING 2026-03-07 09:40:20,310 log 282677 139910140909248 Bad Request: /favicon.ico
WARNING 2026-03-07 09:40:20,310 basehttp 282677 139910140909248 "GET /favicon.ico HTTP/1.1" 400 143
ERROR 2026-03-07 09:40:21,281 exception 282677 139910140909248 Invalid HTTP_HOST header: '0.0.0.0:8100'. You may need to add '0.0.0.0' to ALLOWED_HOSTS.
Traceback (most recent call last):
  File "/home/chantel/Documents/Eyedentity/venv/lib/python3.13/site-packages/django/core/handlers/exception.py", line 55, in inner
    response = get_response(request)
  File "/home/chantel/Documents/Eyedentity/venv/lib/python3.13/site-packages/django/utils/deprecation.py", line 128, in __call__
    response = self.process_request(request)
  File "/home/chantel/Documents/Eyedentity/venv/lib/python3.13/site-packages/django/middleware/common.py", line 48, in process_request
    host = request.get_host()
  File "/home/chantel/Documents/Eyedentity/venv/lib/python3.13/site-packages/django/http/request.py", line 151, in get_host
    raise DisallowedHost(msg)
django.core.exceptions.DisallowedHost: Invalid HTTP_HOST header: '0.0.0.0:8100'. You may need to add '0.0.0.0' to ALLOWED_HOSTS.
WARNING 2026-03-07 09:40:21,282 log 282677 139910140909248 Bad Request: /
WARNING 2026-03-07 09:40:21,282 basehttp 282677 139910140909248 "GET / HTTP/1.1" 400 143
ERROR 2026-03-07 09:40:21,304 exception 282677 139910149301952 Invalid HTTP_HOST header: '0.0.0.0:8100'. You may need to add '0.0.0.0' to ALLOWED_HOSTS.
Traceback (most recent call last):
  File "/home/chantel/Documents/Eyedentity/venv/lib/python3.13/site-packages/django/core/handlers/exception.py", line 55, in inner
    response = get_response(request)
  File "/home/chantel/Documents/Eyedentity/venv/lib/python3.13/site-packages/django/utils/deprecation.py", line 128, in __call__
    response = self.process_request(request)
  File "/home/chantel/Documents/Eyedentity/venv/lib/python3.13/site-packages/django/middleware/common.py", line 48, in process_request
    host = request.get_host()
  File "/home/chantel/Documents/Eyedentity/venv/lib/python3.13/site-packages/django/http/request.py", line 151, in get_host
    raise DisallowedHost(msg)
django.core.exceptions.DisallowedHost: Invalid HTTP_HOST header: '0.0.0.0:8100'. You may need to add '0.0.0.0' to ALLOWED_HOSTS.
WARNING 2026-03-07 09:40:21,305 log 282677 139910149301952 Bad Request: /favicon.ico
WARNING 2026-03-07 09:40:21,305 basehttp 282677 139910149301952 "GET /favicon.ico HTTP/1.1" 400 143
ERROR 2026-03-07 09:40:22,133 exception 282677 139910132516544 Invalid HTTP_HOST header: '0.0.0.0:8100'. You may need to add '0.0.0.0' to ALLOWED_HOSTS.
Traceback (most recent call last):
  File "/home/chantel/Documents/Eyedentity/venv/lib/python3.13/site-packages/django/core/handlers/exception.py", line 55, in inner
    response = get_response(request)
  File "/home/chantel/Documents/Eyedentity/venv/lib/python3.13/site-packages/django/utils/deprecation.py", line 128, in __call__
    response = self.process_request(request)
  File "/home/chantel/Documents/Eyedentity/venv/lib/python3.13/site-packages/django/middleware/common.py", line 48, in process_request
    host = request.get_host()
  File "/home/chantel/Documents/Eyedentity/venv/lib/python3.13/site-packages/django/http/request.py", line 151, in get_host
    raise DisallowedHost(msg)
django.core.exceptions.DisallowedHost: Invalid HTTP_HOST header: '0.0.0.0:8100'. You may need to add '0.0.0.0' to ALLOWED_HOSTS.
WARNING 2026-03-07 09:40:22,133 log 282677 139910132516544 Bad Request: /
WARNING 2026-03-07 09:40:22,133 basehttp 282677 139910132516544 "GET / HTTP/1.1" 400 143
ERROR 2026-03-07 09:40:22,153 exception 282677 139910124123840 Invalid HTTP_HOST header: '0.0.0.0:8100'. You may need to add '0.0.0.0' to ALLOWED_HOSTS.
Traceback (most recent call last):
  File "/home/chantel/Documents/Eyedentity/venv/lib/python3.13/site-packages/django/core/handlers/exception.py", line 55, in inner
    response = get_response(request)
  File "/home/chantel/Documents/Eyedentity/venv/lib/python3.13/site-packages/django/utils/deprecation.py", line 128, in __call__
    response = self.process_request(request)
  File "/home/chantel/Documents/Eyedentity/venv/lib/python3.13/site-packages/django/middleware/common.py", line 48, in process_request
    host = request.get_host()
  File "/home/chantel/Documents/Eyedentity/venv/lib/python3.13/site-packages/django/http/request.py", line 151, in get_host
    raise DisallowedHost(msg)
django.core.exceptions.DisallowedHost: Invalid HTTP_HOST header: '0.0.0.0:8100'. You may need to add '0.0.0.0' to ALLOWED_HOSTS.
WARNING 2026-03-07 09:40:22,154 log 282677 139910124123840 Bad Request: /favicon.ico
WARNING 2026-03-07 09:40:22,154 basehttp 282677 139910124123840 "GET /favicon.ico HTTP/1.1" 400 143
ERROR 2026-03-07 09:50:30,551 exception 282677 139910115731136 Invalid HTTP_HOST header: '0.0.0.0:8100'. You may need to add '0.0.0.0' to ALLOWED_HOSTS.
Traceback (most recent call last):
  File "/home/chantel/Documents/Eyedentity/venv/lib/python3.13/site-packages/django/core/handlers/exception.py", line 55, in inner
    response = get_response(request)
  File "/home/chantel/Documents/Eyedentity/venv/lib/python3.13/site-packages/django/utils/deprecation.py", line 128, in __call__
    response = self.process_request(request)
  File "/home/chantel/Documents/Eyedentity/venv/lib/python3.13/site-packages/django/middleware/common.py", line 48, in process_request
    host = request.get_host()
  File "/home/chantel/Documents/Eyedentity/venv/lib/python3.13/site-packages/django/http/request.py", line 151, in get_host
    raise DisallowedHost(msg)
django.core.exceptions.DisallowedHost: Invalid HTTP_HOST header: '0.0.0.0:8100'. You may need to add '0.0.0.0' to ALLOWED_HOSTS.
WARNING 2026-03-07 09:50:30,552 log 282677 139910115731136 Bad Request: /
WARNING 2026-03-07 09:50:30,552 basehttp 282677 139910115731136 "GET / HTTP/1.1" 400 143
ERROR 2026-03-07 09:50:30,575 exception 282677 139909901842112 Invalid HTTP_HOST header: '0.0.0.0:8100'. You may need to add '0.0.0.0' to ALLOWED_HOSTS.
Traceback (most recent call last):
  File "/home/chantel/Documents/Eyedentity/venv/lib/python3.13/site-packages/django/core/handlers/exception.py", line 55, in inner
    response = get_response(request)
  File "/home/chantel/Documents/Eyedentity/venv/lib/python3.13/site-packages/django/utils/deprecation.py", line 128, in __call__
    response = self.process_request(request)
  File "/home/chantel/Documents/Eyedentity/venv/lib/python3.13/site-packages/django/middleware/common.py", line 48, in process_request
    host = request.get_host()
  File "/home/chantel/Documents/Eyedentity/venv/lib/python3.13/site-packages/django/http/request.py", line 151, in get_host
    raise DisallowedHost(msg)
django.core.exceptions.DisallowedHost: Invalid HTTP_HOST header: '0.0.0.0:8100'. You may need to add '0.0.0.0' to ALLOWED_HOSTS.
WARNING 2026-03-07 09:50:30,576 log 282677 139909901842112 Bad Request: /favicon.ico
WARNING 2026-03-07 09:50:30,576 basehttp 282677 139909901842112 "GET /favicon.ico HTTP/1.1" 400 143
INFO 2026-03-07 10:19:32,346 autoreload 282677 139910220112384 /home/chantel/Documents/Eyedentity/Eyedentity/settings.py changed, reloading.
INFO 2026-03-07 10:19:32,700 autoreload 299280 140173080048128 Watching for file changes with StatReloader
INFO 2026-03-09 12:13:36,925 autoreload 699407 140121827136000 Watching for file changes with StatReloader
INFO 2026-03-13 20:11:38,040 autoreload 11958 139978979914240 Watching for file changes with StatReloader
ERROR 2026-03-13 20:11:59,056 exception 11958 139978887653056 Invalid HTTP_HOST header: '0.0.0.0:8102'. You may need to add '0.0.0.0' to ALLOWED_HOSTS.
Traceback (most recent call last):
  File "/home/chantel/Documents/Eyedentity/venv/lib/python3.13/site-packages/django/core/handlers/exception.py", line 55, in inner
    response = get_response(request)
  File "/home/chantel/Documents/Eyedentity/venv/lib/python3.13/site-packages/django/utils/deprecation.py", line 128, in __call__
    response = self.process_request(request)
  File "/home/chantel/Documents/Eyedentity/venv/lib/python3.13/site-packages/django/middleware/common.py", line 48, in process_request
    host = request.get_host()
  File "/home/chantel/Documents/Eyedentity/venv/lib/python3.13/site-packages/django/http/request.py", line 151, in get_host
    raise DisallowedHost(msg)
django.core.exceptions.DisallowedHost: Invalid HTTP_HOST header: '0.0.0.0:8102'. You may need to add '0.0.0.0' to ALLOWED_HOSTS.
WARNING 2026-03-13 20:11:59,073 log 11958 139978887653056 Bad Request: /
WARNING 2026-03-13 20:11:59,073 basehttp 11958 139978887653056 "GET / HTTP/1.1" 400 82655
ERROR 2026-03-13 20:11:59,132 exception 11958 139978879260352 Invalid HTTP_HOST header: '0.0.0.0:8102'. You may need to add '0.0.0.0' to ALLOWED_HOSTS.
Traceback (most recent call last):
  File "/home/chantel/Documents/Eyedentity/venv/lib/python3.13/site-packages/django/core/handlers/exception.py", line 55, in inner
    response = get_response(request)
  File "/home/chantel/Documents/Eyedentity/venv/lib/python3.13/site-packages/django/utils/deprecation.py", line 128, in __call__
    response = self.process_request(request)
  File "/home/chantel/Documents/Eyedentity/venv/lib/python3.13/site-packages/django/middleware/common.py", line 48, in process_request
    host = request.get_host()
  File "/home/chantel/Documents/Eyedentity/venv/lib/python3.13/site-packages/django/http/request.py", line 151, in get_host
    raise DisallowedHost(msg)
django.core.exceptions.DisallowedHost: Invalid HTTP_HOST header: '0.0.0.0:8102'. You may need to add '0.0.0.0' to ALLOWED_HOSTS.
WARNING 2026-03-13 20:11:59,146 log 11958 139978879260352 Bad Request: /favicon.ico
WARNING 2026-03-13 20:11:59,146 basehttp 11958 139978879260352 "GET /favicon.ico HTTP/1.1" 400 82608
